<?xml version="1.0" encoding="UTF-8"?>
<!-- Generated by org.testng.reporters.JUnitReportReporter -->
<testsuite hostname="HariHara" failures="0" tests="2" name="practiceTests.T12_HomePage" time="73.787" errors="0" timestamp="2024-09-04T15:53:07 IST" skipped="0">
  <testcase classname="practiceTests.T12_HomePage" name="addRemoveCart" time="43.736"/>
  <system-out/>
  <testcase classname="practiceTests.T12_HomePage" name="filters" time="30.051"/>
  <system-out/>
</testsuite> <!-- practiceTests.T12_HomePage -->
