<?xml version="1.0" encoding="UTF-8"?>
<!-- Generated by org.testng.reporters.JUnitReportReporter -->
<testsuite hostname="HariHara" failures="0" tests="4" name="practiceTests.FirstTestCase" time="0.018" errors="0" timestamp="2024-09-03T10:37:54 IST" skipped="0">
  <testcase classname="practiceTests.FirstTestCase" name="navigate" time="0.009"/>
  <testcase classname="practiceTests.FirstTestCase" name="login" time="0.002"/>
  <testcase classname="practiceTests.FirstTestCase" name="logout" time="0.006"/>
  <testcase classname="practiceTests.FirstTestCase" name="browserQuit" time="0.001"/>
</testsuite> <!-- practiceTests.FirstTestCase -->
