<?xml version="1.0" encoding="UTF-8"?>
<!-- Generated by org.testng.reporters.JUnitReportReporter -->
<testsuite hostname="HariHara" failures="0" tests="1" name="practiceTests.T11_SwagLabs" time="28.829" errors="0" timestamp="2024-09-30T13:19:12 IST" skipped="0">
  <testcase classname="practiceTests.T11_SwagLabs" name="logInTest" time="28.829"/>
  <system-out/>
</testsuite> <!-- practiceTests.T11_SwagLabs -->
