<?xml version="1.0" encoding="UTF-8"?>
<!-- Generated by org.testng.reporters.JUnitReportReporter -->
<testsuite hostname="HariHara" failures="0" tests="1" name="practiceTests.T13_CheckoutAndPayment" time="161.997" errors="0" timestamp="2024-09-05T13:59:10 IST" skipped="0">
  <testcase classname="practiceTests.T13_CheckoutAndPayment" name="checkout" time="161.997"/>
  <system-out/>
</testsuite> <!-- practiceTests.T13_CheckoutAndPayment -->
